<?xml version="1.0" encoding="UTF-8"?>
<!-- Generated by org.testng.reporters.JUnitReportReporter -->
<testsuite name="com.tests.NewMemberRegistrationTest" tests="2" time="1.500" ignored="0" failures="0" timestamp="03 Apr 2021 16:48:55 GMT" skipped="0" hostname="DESKTOP-E8RQPTR" errors="0">
  <testcase name="registerTest" time="0.394" classname="com.tests.NewMemberRegistrationTest"/>
  <testcase name="validateNewMemberRegistrationWithValidData" time="1.106" classname="com.tests.NewMemberRegistrationTest"/>
</testsuite> <!-- com.tests.NewMemberRegistrationTest -->
